mktextfm Times
mktextfm Times
mktextfm Times
mktextfm Times
mktextfm Times/B
mktextfm Times
mktextfm Times/I
mktextfm Times
mktextfm Times/BI
mktextfm Times
mktextfm Georgia
mktextfm Georgia
mktextfm Georgia
mktextfm Georgia
mktextfm Georgia/B
mktextfm Georgia
mktextfm Georgia/I
mktextfm Georgia
mktextfm Georgia/BI
mktextfm Georgia
mktextfm Georgia
mktextfm Georgia
mktextfm Georgia
mktextfm Georgia
mktextfm Georgia
mktextfm Georgia
mktextfm Georgia
mktextfm Georgia
mktextfm Georgia/B
mktextfm Georgia
mktextfm Georgia/I
mktextfm Georgia
mktextfm Georgia/BI
mktextfm Georgia
mktextfm Georgia
mktextfm Georgia
mktextfm Georgia
mktextfm Georgia
